<?xml version="1.0" encoding="UTF-8"?>
<!-- Generated by org.testng.reporters.JUnitReportReporter -->
<testsuite ignored="0" hostname="QA-LAPTOP" failures="0" tests="1" name="travelerWithAllDetails.BasicInformationAlongWithTraveler" time="146.165" errors="0" timestamp="10 Jun 2025 13:03:59 GMT" skipped="0">
  <testcase classname="travelerWithAllDetails.BasicInformationAlongWithTraveler" name="addBsicInformation" time="146.165"/>
</testsuite> <!-- travelerWithAllDetails.BasicInformationAlongWithTraveler -->
