<?xml version="1.0" encoding="UTF-8"?>
<!-- Generated by org.testng.reporters.JUnitReportReporter -->
<testsuite ignored="0" hostname="QLINGGNQADT0033" failures="0" tests="3" name="FlightBookingReferenceSearch.SearchbookingByBookingReferencenumber" time="133.181" errors="0" timestamp="10 Apr 2025 05:34:45 GMT" skipped="0">
  <testcase classname="FlightBookingReferenceSearch.SearchbookingByBookingReferencenumber" name="bookingSearch" time="40.776"/>
  <testcase classname="FlightBookingReferenceSearch.SearchbookingByBookingReferencenumber" name="bookingSearch" time="49.100"/>
  <testcase classname="FlightBookingReferenceSearch.SearchbookingByBookingReferencenumber" name="bookingSearch" time="43.305"/>
</testsuite> <!-- FlightBookingReferenceSearch.SearchbookingByBookingReferencenumber -->
