<?xml version="1.0" encoding="UTF-8"?>
<!-- Generated by org.testng.reporters.JUnitReportReporter -->
<testsuite ignored="0" hostname="QLINGGNQADT0033" failures="0" tests="1" name="multicity_Flight_Booking.FileBookingFormulticity" time="440.039" errors="0" timestamp="08 May 2025 12:02:34 GMT" skipped="0">
  <testcase classname="multicity_Flight_Booking.FileBookingFormulticity" name="flightBooking" time="440.039"/>
</testsuite> <!-- multicity_Flight_Booking.FileBookingFormulticity -->
