<?xml version="1.0" encoding="UTF-8"?>
<!-- Generated by org.testng.reporters.JUnitReportReporter -->
<testsuite ignored="0" hostname="QLINGGNQADT0033" failures="0" tests="1" name="travelerWithAllDetails.BasicInformationAlongWithTraveler" time="17.185" errors="0" timestamp="27 May 2025 10:56:17 GMT" skipped="0">
  <testcase classname="travelerWithAllDetails.BasicInformationAlongWithTraveler" name="addBsicInformation" time="17.185"/>
</testsuite> <!-- travelerWithAllDetails.BasicInformationAlongWithTraveler -->
