<?xml version="1.0" encoding="UTF-8"?>
<!-- Generated by org.testng.reporters.JUnitReportReporter -->
<testsuite ignored="0" hostname="QLINGGNQADT0033" failures="0" tests="1" name="flightbookingAssignTask.FlightBookingAsMultipassenger" time="348.611" errors="0" timestamp="11 Apr 2025 04:54:03 GMT" skipped="0">
  <testcase classname="flightbookingAssignTask.FlightBookingAsMultipassenger" name="flightBooking" time="348.611"/>
</testsuite> <!-- flightbookingAssignTask.FlightBookingAsMultipassenger -->
